2024-11-08 12:06:25,769 [INFO] Activator:176 - 


2024-11-08 12:06:25,773 [INFO] Activator:177 - !SESSION log4j initialized
2024-11-08 12:06:28,621 [INFO] LogOutputStream:77 - [STDOUT_REDIRECT] 
2024-11-08 12:06:47,657 [INFO] ApplicationProperties:184 - Using Application install path: C:\ST\STM32CubeIDE_1.16.1\STM32CubeIDE\plugins\com.st.stm32cube.common.mx_6.12.1.202409122256
2024-11-08 12:06:47,683 [INFO] DbMcusXml:78 - Set database path to: C:\ST\STM32CubeIDE_1.16.1\STM32CubeIDE\plugins\com.st.stm32cube.common.mx_6.12.1.202409122256\\db\/mcu/
2024-11-08 12:06:47,683 [INFO] ApiDb:274 - Set plugin database path to: C:\ST\STM32CubeIDE_1.16.1\STM32CubeIDE\plugins\com.st.stm32cube.common.mx_6.12.1.202409122256\\db\/plugins/boardmanager/
2024-11-08 12:06:47,684 [WARN] ApiDb:259 - Overriding images path with different value:  => C:\ST\STM32CubeIDE_1.16.1\STM32CubeIDE\plugins\com.st.stm32cube.common.mx_6.12.1.202409122256\\db\/plugins/mcufinder/images/
2024-11-08 12:06:47,691 [INFO] ApiDb:250 - Set database path to: C:\Users\andyb\.stmcufinder\plugins\mcufinder//mcu/
2024-11-08 12:06:47,693 [INFO] DbMcusAds:125 - Set database path to: C:\Users\andyb\.stmcufinder\plugins\mcufinder//mcu/
2024-11-08 12:06:47,706 [INFO] CrossReferenceDbSqlite:203 - Set database path to: C:\Users\andyb\.stmcufinder\plugins\mcufinder//mcu/cs/
2024-11-08 12:06:47,845 [INFO] RulesReader:64 - Compatibility file has been processed (297 Rules)
2024-11-08 12:06:47,964 [INFO] DbMcusXml:78 - Set database path to: C:\ST\STM32CubeIDE_1.16.1\STM32CubeIDE\plugins\com.st.stm32cube.common.mx_6.12.1.202409122256\\db\/mcu/
2024-11-08 12:06:47,964 [INFO] ApiDb:274 - Set plugin database path to: C:\ST\STM32CubeIDE_1.16.1\STM32CubeIDE\plugins\com.st.stm32cube.common.mx_6.12.1.202409122256\\db\/plugins/boardmanager/
2024-11-08 12:06:47,964 [INFO] ApiDb:261 - Set plugin images path to: C:\ST\STM32CubeIDE_1.16.1\STM32CubeIDE\plugins\com.st.stm32cube.common.mx_6.12.1.202409122256\\db\/plugins/mcufinder/images/
2024-11-08 12:06:47,964 [WARN] DbFile:41 - Overriding database path with different value: C:\Users\andyb\.stmcufinder\plugins\mcufinder/ => C:\Users\andyb\.stmcufinder\plugins\mcufinder
2024-11-08 12:06:47,964 [INFO] ApiDb:250 - Set database path to: C:\Users\andyb\.stmcufinder\plugins\mcufinder//mcu/
2024-11-08 12:06:47,964 [WARN] DbFile:41 - Overriding database path with different value: C:\Users\andyb\.stmcufinder\plugins\mcufinder/ => C:\Users\andyb\.stmcufinder\plugins\mcufinder
2024-11-08 12:06:47,964 [INFO] DbMcusAds:125 - Set database path to: C:\Users\andyb\.stmcufinder\plugins\mcufinder//mcu/
2024-11-08 12:06:47,966 [WARN] DbFile:41 - Overriding database path with different value: C:\Users\andyb\.stmcufinder\plugins\mcufinder/ => C:\Users\andyb\.stmcufinder\plugins\mcufinder
2024-11-08 12:06:47,966 [WARN] DbFile:41 - Overriding database path with different value: C:\Users\andyb\.stmcufinder\plugins\mcufinder/ => C:\Users\andyb\.stmcufinder\plugins\mcufinder
2024-11-08 12:06:47,966 [INFO] CrossReferenceDbSqlite:203 - Set database path to: C:\Users\andyb\.stmcufinder\plugins\mcufinder//mcu/cs/
2024-11-08 12:06:48,086 [INFO] MainPanel:268 - HeapMemory: 268435456
2024-11-08 12:06:48,233 [INFO] DbMcusXml:78 - Set database path to: C:\ST\STM32CubeIDE_1.16.1\STM32CubeIDE\plugins\com.st.stm32cube.common.mx_6.12.1.202409122256\\db\/mcu/
2024-11-08 12:06:48,234 [INFO] ApiDb:274 - Set plugin database path to: C:\ST\STM32CubeIDE_1.16.1\STM32CubeIDE\plugins\com.st.stm32cube.common.mx_6.12.1.202409122256\\db\/plugins/boardmanager/
2024-11-08 12:06:48,234 [INFO] ApiDb:261 - Set plugin images path to: C:\ST\STM32CubeIDE_1.16.1\STM32CubeIDE\plugins\com.st.stm32cube.common.mx_6.12.1.202409122256\\db\/plugins/mcufinder/images/
2024-11-08 12:06:48,234 [WARN] DbFile:41 - Overriding database path with different value: C:\Users\andyb\.stmcufinder\plugins\mcufinder/ => C:\Users\andyb\.stmcufinder\plugins\mcufinder
2024-11-08 12:06:48,234 [INFO] ApiDb:250 - Set database path to: C:\Users\andyb\.stmcufinder\plugins\mcufinder//mcu/
2024-11-08 12:06:48,234 [WARN] DbFile:41 - Overriding database path with different value: C:\Users\andyb\.stmcufinder\plugins\mcufinder/ => C:\Users\andyb\.stmcufinder\plugins\mcufinder
2024-11-08 12:06:48,234 [INFO] DbMcusAds:125 - Set database path to: C:\Users\andyb\.stmcufinder\plugins\mcufinder//mcu/
2024-11-08 12:06:48,235 [WARN] DbFile:41 - Overriding database path with different value: C:\Users\andyb\.stmcufinder\plugins\mcufinder/ => C:\Users\andyb\.stmcufinder\plugins\mcufinder
2024-11-08 12:06:48,235 [WARN] DbFile:41 - Overriding database path with different value: C:\Users\andyb\.stmcufinder\plugins\mcufinder/ => C:\Users\andyb\.stmcufinder\plugins\mcufinder
2024-11-08 12:06:48,235 [INFO] CrossReferenceDbSqlite:203 - Set database path to: C:\Users\andyb\.stmcufinder\plugins\mcufinder//mcu/cs/
2024-11-08 12:06:48,261 [INFO] ApplicationProperties:184 - Using Application install path: C:\ST\STM32CubeIDE_1.16.1\STM32CubeIDE\plugins\com.st.stm32cube.common.mx_6.12.1.202409122256
2024-11-08 12:06:48,263 [INFO] PluginManage:196 - Search for loadable plugins [exclusion list=, ]
2024-11-08 12:06:48,264 [INFO] PluginManage:310 - Check plugin analytics
2024-11-08 12:06:48,505 [INFO] AnalyticsPlugin:253 - Accepted Software Licenses: 
2024-11-08 12:06:48,506 [INFO] AnalyticsPlugin:255 - Accepted CMSIS Pack Licenses: 
2024-11-08 12:06:48,506 [INFO] AnalyticsPlugin:257 - Accepted Firmware Licenses: 
2024-11-08 12:06:48,510 [INFO] PluginManage:359 - Loaded plugin analytics (category:tool,tabindex:-1)
2024-11-08 12:06:48,511 [INFO] PluginManage:310 - Check plugin cadmodel
2024-11-08 12:06:48,531 [INFO] CADModel:105 - Init CAD model plugin
2024-11-08 12:06:48,532 [INFO] PluginManage:359 - Loaded plugin cadmodel (category:power,tabindex:5)
2024-11-08 12:06:48,532 [INFO] PluginManage:310 - Check plugin clock
2024-11-08 12:06:48,542 [INFO] PluginManage:359 - Loaded plugin clock (category:base,tabindex:2)
2024-11-08 12:06:48,542 [INFO] PluginManage:310 - Check plugin ddr
2024-11-08 12:06:48,544 [INFO] PluginManage:359 - Loaded plugin ddr (category:tool,tabindex:6)
2024-11-08 12:06:48,545 [INFO] PluginManage:310 - Check plugin filemanager
2024-11-08 12:06:48,754 [INFO] PluginManage:359 - Loaded plugin filemanager (category:base,tabindex:10)
2024-11-08 12:06:48,755 [INFO] PluginManage:310 - Check plugin ipmanager
2024-11-08 12:06:48,763 [INFO] PluginManage:359 - Loaded plugin ipmanager (category:base,tabindex:5)
2024-11-08 12:06:48,763 [INFO] PluginManage:310 - Check plugin lpbam
2024-11-08 12:06:48,773 [INFO] PluginManage:359 - Loaded plugin lpbam (category:base,tabindex:0)
2024-11-08 12:06:48,773 [INFO] PluginManage:310 - Check plugin memorymap
2024-11-08 12:06:48,792 [INFO] PluginManage:359 - Loaded plugin memorymap (category:base,tabindex:4)
2024-11-08 12:06:48,792 [INFO] PluginManage:310 - Check plugin pinoutandconfiguration
2024-11-08 12:06:48,800 [INFO] PluginManage:359 - Loaded plugin pinoutandconfiguration (category:base,tabindex:1)
2024-11-08 12:06:48,800 [INFO] PluginManage:310 - Check plugin pinoutconfig
2024-11-08 12:06:48,913 [WARN] SupportedApi:132 - Cannot load RTOS API schema: s4s-elt-must-match.1: The content of 'definitions' must match (annotation?, (simpleType | complexType)?, (unique | key | keyref)*)). A problem was found starting at: attribute.
2024-11-08 12:06:49,147 [INFO] PluginManage:359 - Loaded plugin pinoutconfig (category:base,tabindex:0)
2024-11-08 12:06:49,148 [INFO] PluginManage:310 - Check plugin power
2024-11-08 12:06:49,161 [INFO] PluginManage:359 - Loaded plugin power (category:power,tabindex:4)
2024-11-08 12:06:49,161 [INFO] PluginManage:310 - Check plugin projectmanager
2024-11-08 12:06:49,183 [INFO] PluginManage:359 - Loaded plugin projectmanager (category:projectmanager,tabindex:4)
2024-11-08 12:06:49,184 [INFO] PluginManage:310 - Check plugin rif
2024-11-08 12:06:49,191 [INFO] PluginManage:359 - Loaded plugin rif (category:base,tabindex:3)
2024-11-08 12:06:49,191 [INFO] PluginManage:310 - Check plugin thirdparty
2024-11-08 12:06:49,364 [INFO] PluginManage:359 - Loaded plugin thirdparty (category:base,tabindex:-1)
2024-11-08 12:06:49,364 [WARN] IntegrityCheckThread:84 - waiting for thirdparty lock release [integrity check]
2024-11-08 12:06:49,365 [INFO] PluginManage:310 - Check plugin tools
2024-11-08 12:06:49,365 [INFO] IntegrityCheckThread:86 - entering critical section [integrity check]
2024-11-08 12:06:49,365 [INFO] ThirdPartyUpdaterWithRetryManager:70 - Updater plugin not ready yet. [1/15]
2024-11-08 12:06:49,369 [INFO] PluginManage:359 - Loaded plugin tools (category:base,tabindex:7)
2024-11-08 12:06:49,369 [INFO] PluginManage:310 - Check plugin tutovideos
2024-11-08 12:06:49,674 [INFO] PluginManage:359 - Loaded plugin tutovideos (category:base,tabindex:-1)
2024-11-08 12:06:49,674 [INFO] PluginManage:310 - Check plugin updater
2024-11-08 12:06:49,706 [INFO] PluginManage:359 - Loaded plugin updater (category:base,tabindex:12)
2024-11-08 12:06:49,706 [INFO] PluginManage:310 - Check plugin userauth
2024-11-08 12:06:49,718 [INFO] UserAuth:113 - Init User Auth plugin
2024-11-08 12:06:49,719 [INFO] PluginManage:359 - Loaded plugin userauth (category:base,tabindex:14)
2024-11-08 12:06:49,719 [INFO] PluginManage:283 - PluginManage : Loaded plugins [18]
2024-11-08 12:06:50,132 [INFO] PinOutPanel:1561 - setPackage(No Configuration,No Configuration)
2024-11-08 12:06:50,315 [INFO] CADModel:165 - CPN selected for project level
2024-11-08 12:06:50,316 [INFO] CADModel:114 - Register for checkConnection events
2024-11-08 12:06:50,353 [INFO] IPUIPlugin:80 - create IPUIPlugin
2024-11-08 12:06:50,354 [INFO] PluginManager:220 - loadIPPluginJar : add adc
2024-11-08 12:06:50,360 [INFO] IPUIPlugin:80 - create IPUIPlugin
2024-11-08 12:06:50,360 [INFO] PluginManager:220 - loadIPPluginJar : add aes
2024-11-08 12:06:50,365 [INFO] IPUIPlugin:80 - create IPUIPlugin
2024-11-08 12:06:50,366 [INFO] PluginManager:220 - loadIPPluginJar : add can
2024-11-08 12:06:50,370 [INFO] IPUIPlugin:80 - create IPUIPlugin
2024-11-08 12:06:50,370 [INFO] PluginManager:220 - loadIPPluginJar : add comp
2024-11-08 12:06:50,376 [INFO] IPUIPlugin:80 - create IPUIPlugin
2024-11-08 12:06:50,376 [INFO] PluginManager:220 - loadIPPluginJar : add cryp
2024-11-08 12:06:50,387 [INFO] IPUIPlugin:80 - create IPUIPlugin
2024-11-08 12:06:50,387 [INFO] PluginManager:220 - loadIPPluginJar : add ddr_ctrl_phy
2024-11-08 12:06:50,391 [INFO] IPUIPlugin:80 - create IPUIPlugin
2024-11-08 12:06:50,391 [INFO] PluginManager:220 - loadIPPluginJar : add dfsdm
2024-11-08 12:06:50,400 [INFO] IPUIPlugin:80 - create IPUIPlugin
2024-11-08 12:06:50,401 [INFO] PluginManager:220 - loadIPPluginJar : add dma
2024-11-08 12:06:50,404 [INFO] IPUIPlugin:80 - create IPUIPlugin
2024-11-08 12:06:50,405 [INFO] PluginManager:220 - loadIPPluginJar : add dma3
2024-11-08 12:06:50,409 [INFO] IPUIPlugin:80 - create IPUIPlugin
2024-11-08 12:06:50,409 [INFO] PluginManager:220 - loadIPPluginJar : add extmemmanager
2024-11-08 12:06:50,412 [INFO] IPUIPlugin:80 - create IPUIPlugin
2024-11-08 12:06:50,412 [INFO] PluginManager:220 - loadIPPluginJar : add fatfs
2024-11-08 12:06:50,422 [INFO] IPUIPlugin:80 - create IPUIPlugin
2024-11-08 12:06:50,422 [INFO] PluginManager:220 - loadIPPluginJar : add fmc
2024-11-08 12:06:50,446 [INFO] IPUIPlugin:80 - create IPUIPlugin
2024-11-08 12:06:50,447 [INFO] PluginManager:220 - loadIPPluginJar : add freertos
2024-11-08 12:06:50,451 [INFO] IPUIPlugin:80 - create IPUIPlugin
2024-11-08 12:06:50,452 [INFO] PluginManager:220 - loadIPPluginJar : add genericplugin
2024-11-08 12:06:50,455 [INFO] IPUIPlugin:80 - create IPUIPlugin
2024-11-08 12:06:50,457 [INFO] PluginManager:220 - loadIPPluginJar : add gfxmmu
2024-11-08 12:06:50,468 [INFO] IPUIPlugin:80 - create IPUIPlugin
2024-11-08 12:06:50,468 [INFO] PluginManager:220 - loadIPPluginJar : add gic
2024-11-08 12:06:50,475 [INFO] IPUIPlugin:80 - create IPUIPlugin
2024-11-08 12:06:50,476 [INFO] PluginManager:220 - loadIPPluginJar : add gpio
2024-11-08 12:06:50,480 [INFO] IPUIPlugin:80 - create IPUIPlugin
2024-11-08 12:06:50,480 [INFO] PluginManager:220 - loadIPPluginJar : add gtzc
2024-11-08 12:06:50,484 [INFO] IPUIPlugin:80 - create IPUIPlugin
2024-11-08 12:06:50,484 [INFO] PluginManager:220 - loadIPPluginJar : add hash
2024-11-08 12:06:50,488 [INFO] IPUIPlugin:80 - create IPUIPlugin
2024-11-08 12:06:50,489 [INFO] PluginManager:220 - loadIPPluginJar : add i2c
2024-11-08 12:06:50,493 [INFO] IPUIPlugin:80 - create IPUIPlugin
2024-11-08 12:06:50,493 [INFO] PluginManager:220 - loadIPPluginJar : add i2s
2024-11-08 12:06:50,496 [INFO] IPUIPlugin:80 - create IPUIPlugin
2024-11-08 12:06:50,497 [INFO] PluginManager:220 - loadIPPluginJar : add i3c
2024-11-08 12:06:50,503 [INFO] IPUIPlugin:80 - create IPUIPlugin
2024-11-08 12:06:50,503 [INFO] PluginManager:220 - loadIPPluginJar : add ipddr
2024-11-08 12:06:50,513 [INFO] IPUIPlugin:80 - create IPUIPlugin
2024-11-08 12:06:50,513 [INFO] PluginManager:220 - loadIPPluginJar : add linkedlist
2024-11-08 12:06:50,517 [INFO] IPUIPlugin:80 - create IPUIPlugin
2024-11-08 12:06:50,517 [INFO] PluginManager:220 - loadIPPluginJar : add lorawan
2024-11-08 12:06:50,519 [INFO] IPUIPlugin:80 - create IPUIPlugin
2024-11-08 12:06:50,519 [INFO] PluginManager:220 - loadIPPluginJar : add ltdc
2024-11-08 12:06:50,526 [INFO] IPUIPlugin:80 - create IPUIPlugin
2024-11-08 12:06:50,526 [INFO] PluginManager:220 - loadIPPluginJar : add mdma
2024-11-08 12:06:50,530 [INFO] IPUIPlugin:80 - create IPUIPlugin
2024-11-08 12:06:50,530 [INFO] PluginManager:220 - loadIPPluginJar : add nvic
2024-11-08 12:06:50,534 [INFO] IPUIPlugin:80 - create IPUIPlugin
2024-11-08 12:06:50,535 [INFO] PluginManager:220 - loadIPPluginJar : add opamp
2024-11-08 12:06:50,540 [INFO] IPUIPlugin:80 - create IPUIPlugin
2024-11-08 12:06:50,540 [INFO] PluginManager:220 - loadIPPluginJar : add openamp
2024-11-08 12:06:50,544 [INFO] IPUIPlugin:80 - create IPUIPlugin
2024-11-08 12:06:50,545 [INFO] PluginManager:220 - loadIPPluginJar : add pdm2pcm
2024-11-08 12:06:50,553 [INFO] IPUIPlugin:80 - create IPUIPlugin
2024-11-08 12:06:50,556 [INFO] PluginManager:220 - loadIPPluginJar : add plateformsettings
2024-11-08 12:06:50,559 [INFO] IPUIPlugin:80 - create IPUIPlugin
2024-11-08 12:06:50,559 [INFO] PluginManager:220 - loadIPPluginJar : add quadspi
2024-11-08 12:06:50,564 [INFO] IPUIPlugin:80 - create IPUIPlugin
2024-11-08 12:06:50,565 [INFO] PluginManager:220 - loadIPPluginJar : add radio
2024-11-08 12:06:50,570 [INFO] IPUIPlugin:80 - create IPUIPlugin
2024-11-08 12:06:50,571 [INFO] PluginManager:220 - loadIPPluginJar : add resmgrutility
2024-11-08 12:06:50,575 [INFO] IPUIPlugin:80 - create IPUIPlugin
2024-11-08 12:06:50,576 [INFO] PluginManager:220 - loadIPPluginJar : add sai
2024-11-08 12:06:50,579 [INFO] IPUIPlugin:80 - create IPUIPlugin
2024-11-08 12:06:50,580 [INFO] PluginManager:220 - loadIPPluginJar : add spi
2024-11-08 12:06:50,587 [INFO] IPUIPlugin:80 - create IPUIPlugin
2024-11-08 12:06:50,588 [INFO] PluginManager:220 - loadIPPluginJar : add stm32_wpan
2024-11-08 12:06:50,590 [INFO] IPUIPlugin:80 - create IPUIPlugin
2024-11-08 12:06:50,591 [INFO] PluginManager:220 - loadIPPluginJar : add tim
2024-11-08 12:06:50,595 [INFO] IPUIPlugin:80 - create IPUIPlugin
2024-11-08 12:06:50,596 [INFO] PluginManager:220 - loadIPPluginJar : add touchsensing
2024-11-08 12:06:50,600 [INFO] IPUIPlugin:80 - create IPUIPlugin
2024-11-08 12:06:50,600 [INFO] PluginManager:220 - loadIPPluginJar : add tracer_emb
2024-11-08 12:06:50,603 [INFO] IPUIPlugin:80 - create IPUIPlugin
2024-11-08 12:06:50,603 [INFO] PluginManager:220 - loadIPPluginJar : add ts
2024-11-08 12:06:50,606 [INFO] IPUIPlugin:80 - create IPUIPlugin
2024-11-08 12:06:50,606 [INFO] PluginManager:220 - loadIPPluginJar : add tsc
2024-11-08 12:06:50,610 [INFO] IPUIPlugin:80 - create IPUIPlugin
2024-11-08 12:06:50,610 [INFO] PluginManager:220 - loadIPPluginJar : add ucpd
2024-11-08 12:06:50,614 [INFO] IPUIPlugin:80 - create IPUIPlugin
2024-11-08 12:06:50,614 [INFO] PluginManager:220 - loadIPPluginJar : add usart
2024-11-08 12:06:50,619 [INFO] IPUIPlugin:80 - create IPUIPlugin
2024-11-08 12:06:50,619 [INFO] PluginManager:220 - loadIPPluginJar : add usbx
